Building DAG of jobs...
Using shell: /bin/bash
Provided cores: 1 (use --cores to define parallelism)
Rules claiming more threads will be scaled down.
Job counts:
	count	jobs
	1	all
	2	calculate_trinucleotide_mutations
	1	clean
	1	combine_mutations
	2	filter_multinucleotide_variants
	2	get_cadd_scores
	2	get_region_mutation
	2	get_sequence_plus_two
	2	run_fitDNM
	2	transform_cadd_scores
	17

[Sat Jan 30 19:12:16 2021]
rule get_sequence_plus_two:
    input: compare_2.tabix.bed, /fitDNM/CADD_scores/whole_genome_SNVs.tsv.gz
    output: compare_2_plus_two_init.fasta, compare_2.plustwo.bed, compare_2_plus_two.fasta
    jobid: 10
    wildcards: genomic_region=compare_2

[Sat Jan 30 19:12:16 2021]
Finished job 10.
1 of 17 steps (6%) done

[Sat Jan 30 19:12:16 2021]
rule calculate_trinucleotide_mutations:
    input: /fitDNM/input_data/mutation_rate_by_trinucleotide_matrix.txt, compare_2_plus_two.fasta, compare_2.tabix.bed
    output: compare_2.mu.lis
    jobid: 12
    wildcards: genomic_region=compare_2

[Sat Jan 30 19:12:16 2021]
Finished job 12.
2 of 17 steps (12%) done

[Sat Jan 30 19:12:16 2021]
rule get_cadd_scores:
    input: compare_2.tabix.bed, /fitDNM/CADD_scores/whole_genome_SNVs.tsv.gz
    output: compare_2.initial.CADD.txt
    jobid: 2
    wildcards: genomic_region=compare_2

[Sat Jan 30 19:12:16 2021]
Finished job 2.
3 of 17 steps (18%) done

[Sat Jan 30 19:12:16 2021]
rule transform_cadd_scores:
    input: compare_2.initial.CADD.txt
    output: compare_2.final.CADD.txt, compare_2.fasta
    jobid: 4
    wildcards: genomic_region=compare_2

[Sat Jan 30 19:12:17 2021]
Finished job 4.
4 of 17 steps (24%) done

[Sat Jan 30 19:12:17 2021]
rule get_cadd_scores:
    input: compare_1.tabix.bed, /fitDNM/CADD_scores/whole_genome_SNVs.tsv.gz
    output: compare_1.initial.CADD.txt
    jobid: 1
    wildcards: genomic_region=compare_1

[Sat Jan 30 19:12:17 2021]
Finished job 1.
5 of 17 steps (29%) done

[Sat Jan 30 19:12:17 2021]
rule transform_cadd_scores:
    input: compare_1.initial.CADD.txt
    output: compare_1.final.CADD.txt, compare_1.fasta
    jobid: 3
    wildcards: genomic_region=compare_1

[Sat Jan 30 19:12:17 2021]
Finished job 3.
6 of 17 steps (35%) done

[Sat Jan 30 19:12:17 2021]
rule get_sequence_plus_two:
    input: compare_1.tabix.bed, /fitDNM/CADD_scores/whole_genome_SNVs.tsv.gz
    output: compare_1_plus_two_init.fasta, compare_1.plustwo.bed, compare_1_plus_two.fasta
    jobid: 9
    wildcards: genomic_region=compare_1

[Sat Jan 30 19:12:18 2021]
Finished job 9.
7 of 17 steps (41%) done

[Sat Jan 30 19:12:18 2021]
rule calculate_trinucleotide_mutations:
    input: /fitDNM/input_data/mutation_rate_by_trinucleotide_matrix.txt, compare_1_plus_two.fasta, compare_1.tabix.bed
    output: compare_1.mu.lis
    jobid: 11
    wildcards: genomic_region=compare_1

[Sat Jan 30 19:12:18 2021]
Finished job 11.
8 of 17 steps (47%) done

[Sat Jan 30 19:12:18 2021]
rule get_region_mutation:
    input: compare_2.tabix.bed, /fitDNM/input_data/variant_calls/denovo_variants_four_way_caller.txt
    output: compare_2.lis
    jobid: 6
    wildcards: genomic_region=compare_2

[Sat Jan 30 19:12:19 2021]
Finished job 6.
9 of 17 steps (53%) done

[Sat Jan 30 19:12:19 2021]
rule filter_multinucleotide_variants:
    input: compare_2.lis
    output: compare_2.snv.lis, compare_2.mnv.lis
    jobid: 8
    wildcards: genomic_region=compare_2

[Sat Jan 30 19:12:19 2021]
Finished job 8.
10 of 17 steps (59%) done

[Sat Jan 30 19:12:19 2021]
rule run_fitDNM:
    input: compare_2.snv.lis, compare_2.mu.lis, compare_2.final.CADD.txt
    output: compare_2.fitDNM_CADD.txt
    jobid: 14
    wildcards: genomic_region=compare_2

[Sat Jan 30 19:12:19 2021]
Finished job 14.
11 of 17 steps (65%) done

[Sat Jan 30 19:12:19 2021]
rule get_region_mutation:
    input: compare_1.tabix.bed, /fitDNM/input_data/variant_calls/denovo_variants_four_way_caller.txt
    output: compare_1.lis
    jobid: 5
    wildcards: genomic_region=compare_1

[Sat Jan 30 19:12:20 2021]
Finished job 5.
12 of 17 steps (71%) done

[Sat Jan 30 19:12:20 2021]
rule combine_mutations:
    input: compare_1.lis, compare_2.lis, compare_1.tabix.bed, compare_2.tabix.bed
    output: ENCODE_enhancers.muts.report
    jobid: 16

[Sat Jan 30 19:12:20 2021]
Finished job 16.
13 of 17 steps (76%) done

[Sat Jan 30 19:12:20 2021]
rule filter_multinucleotide_variants:
    input: compare_1.lis
    output: compare_1.snv.lis, compare_1.mnv.lis
    jobid: 7
    wildcards: genomic_region=compare_1

[Sat Jan 30 19:12:20 2021]
Finished job 7.
14 of 17 steps (82%) done

[Sat Jan 30 19:12:20 2021]
rule run_fitDNM:
    input: compare_1.snv.lis, compare_1.mu.lis, compare_1.final.CADD.txt
    output: compare_1.fitDNM_CADD.txt
    jobid: 13
    wildcards: genomic_region=compare_1

[Sat Jan 30 19:12:21 2021]
Finished job 13.
15 of 17 steps (88%) done

[Sat Jan 30 19:12:21 2021]
rule clean:
    input: compare_1.fitDNM_CADD.txt, compare_2.fitDNM_CADD.txt
    output: ENCODE_enhancers.fitDNM.report
    jobid: 15

[Sat Jan 30 19:12:21 2021]
Finished job 15.
16 of 17 steps (94%) done

[Sat Jan 30 19:12:21 2021]
localrule all:
    input: compare_1.tabix.bed, compare_2.tabix.bed, compare_1.initial.CADD.txt, compare_2.initial.CADD.txt, compare_1.final.CADD.txt, compare_2.final.CADD.txt, compare_1.lis, compare_2.lis, compare_1.snv.lis, compare_2.snv.lis, compare_1.mnv.lis, compare_2.mnv.lis, compare_1.plustwo.bed, compare_2.plustwo.bed, compare_1_plus_two.fasta, compare_2_plus_two.fasta, compare_1_plus_two_init.fasta, compare_2_plus_two_init.fasta, compare_1_plus_two.fasta, compare_2_plus_two.fasta, compare_1.fasta, compare_2.fasta, compare_1.mu.lis, compare_2.mu.lis, compare_1.fitDNM_CADD.txt, compare_2.fitDNM_CADD.txt, ENCODE_enhancers.fitDNM.report, ENCODE_enhancers.muts.report, /fitDNM/CADD_scores/whole_genome_SNVs.tsv.gz, /fitDNM/input_data/variant_calls/denovo_variants_four_way_caller.txt, /fitDNM/input_data/mutation_rate_by_trinucleotide_matrix.txt
    jobid: 0

Removing temporary output file compare_1.initial.CADD.txt.
Removing temporary output file compare_2.initial.CADD.txt.
Removing temporary output file compare_1.fasta.
Removing temporary output file compare_1.final.CADD.txt.
Removing temporary output file compare_2.final.CADD.txt.
Removing temporary output file compare_2.fasta.
Removing temporary output file compare_1.lis.
Removing temporary output file compare_2.lis.
Removing temporary output file compare_1_plus_two.fasta.
Removing temporary output file compare_1_plus_two_init.fasta.
Removing temporary output file compare_1.plustwo.bed.
Removing temporary output file compare_2.plustwo.bed.
Removing temporary output file compare_2_plus_two_init.fasta.
Removing temporary output file compare_2_plus_two.fasta.
Removing temporary output file compare_1.mu.lis.
Removing temporary output file compare_2.mu.lis.
Removing temporary output file compare_1.fitDNM_CADD.txt.
Removing temporary output file compare_2.fitDNM_CADD.txt.
[Sat Jan 30 19:12:21 2021]
Finished job 0.
17 of 17 steps (100%) done
Complete log: /storage1/fs1/tychele/Active/projects/fitDNM/code/fitDNM_snakemake/.snakemake/log/2021-01-30T191216.457113.snakemake.log
