Building DAG of jobs...
Using shell: /bin/bash
Provided cores: 1 (use --cores to define parallelism)
Rules claiming more threads will be scaled down.
Job counts:
	count	jobs
	1	all
	1	calculate_trinucleotide_mutations
	1	get_cadd_scores
	1	get_region_mutation
	1	run_fitDNM
	1	transform_cadd_scores
	6

[Wed Jan 20 16:54:06 2021]
rule get_cadd_scores:
    input: hs737.tabix.bed, /fitDNM/CADD_scores/whole_genome_SNVs.tsv.gz
    output: hs737.initial.CADD.txt
    jobid: 1
    wildcards: genomic_region=hs737

[Wed Jan 20 16:54:06 2021]
Finished job 1.
1 of 6 steps (17%) done

[Wed Jan 20 16:54:06 2021]
rule transform_cadd_scores:
    input: hs737.initial.CADD.txt
    output: hs737.final.CADD.txt, hs737.fasta
    jobid: 2
    wildcards: genomic_region=hs737

[Wed Jan 20 16:54:07 2021]
Finished job 2.
2 of 6 steps (33%) done

[Wed Jan 20 16:54:07 2021]
rule calculate_trinucleotide_mutations:
    input: /fitDNM/input_data/mutation_rate_by_trinucleotide_matrix.txt, hs737.fasta, hs737.tabix.bed
    output: hs737.mu.lis
    jobid: 4
    wildcards: genomic_region=hs737

[Wed Jan 20 16:54:07 2021]
Finished job 4.
3 of 6 steps (50%) done

[Wed Jan 20 16:54:07 2021]
rule get_region_mutation:
    input: hs737.tabix.bed, /fitDNM/input_data/variant_calls/denovo_variants_four_way_caller.txt
    output: hs737.lis
    jobid: 3
    wildcards: genomic_region=hs737

[Wed Jan 20 16:54:08 2021]
Finished job 3.
4 of 6 steps (67%) done

[Wed Jan 20 16:54:08 2021]
rule run_fitDNM:
    input: hs737.lis, hs737.mu.lis, hs737.final.CADD.txt
    output: hs737.fitDNM_CADD.txt
    jobid: 5
    wildcards: genomic_region=hs737

[Wed Jan 20 16:54:08 2021]
Error in rule run_fitDNM:
    jobid: 5
    output: hs737.fitDNM_CADD.txt

RuleException:
NameError in line 127 of /storage1/fs1/tychele/Active/projects/fitDNM/code/fitDNM_snakemake/fitDNM_genome_wide.smk:
The name 'input' is unknown in this context. Please make sure that you defined that variable. Also note that braces not used for variable access have to be escaped by repeating them, i.e. {{print $1}}
  File "/opt/conda/envs/snakemake/lib/python3.9/site-packages/snakemake/executors/__init__.py", line 2319, in run_wrapper
  File "/storage1/fs1/tychele/Active/projects/fitDNM/code/fitDNM_snakemake/fitDNM_genome_wide.smk", line 127, in __rule_run_fitDNM
  File "/opt/conda/envs/snakemake/lib/python3.9/site-packages/snakemake/executors/__init__.py", line 568, in _callback
  File "/opt/conda/envs/snakemake/lib/python3.9/concurrent/futures/thread.py", line 52, in run
  File "/opt/conda/envs/snakemake/lib/python3.9/site-packages/snakemake/executors/__init__.py", line 554, in cached_or_run
  File "/opt/conda/envs/snakemake/lib/python3.9/site-packages/snakemake/executors/__init__.py", line 2350, in run_wrapper
Shutting down, this might take some time.
Exiting because a job execution failed. Look above for error message
Complete log: /storage1/fs1/tychele/Active/projects/fitDNM/code/fitDNM_snakemake/.snakemake/log/2021-01-20T165406.366146.snakemake.log
