Building DAG of jobs...
Using shell: /bin/bash
Provided cores: 1 (use --cores to define parallelism)
Rules claiming more threads will be scaled down.
Job counts:
	count	jobs
	1	all
	1	calculate_trinucleotide_mutations
	1	get_cadd_scores
	1	get_region_mutation
	1	get_sequence_plus_two
	1	run_fitDNM
	1	transform_cadd_scores
	7

[Wed Jan 20 23:37:16 2021]
rule get_sequence_plus_two:
    input: hs737.tabix.bed, /fitDNM/CADD_scores/whole_genome_SNVs.tsv.gz
    output: hs737_plus_two.fasta, hs737.plustwo.bed
    jobid: 4
    wildcards: genomic_region=hs737

[Wed Jan 20 23:37:16 2021]
Error in rule get_sequence_plus_two:
    jobid: 4
    output: hs737_plus_two.fasta, hs737.plustwo.bed
    shell:
        
    cat hs737.tabix.bed |  awk -v s=0 '{print $1, int($2-1),int($3+1)}' > hs737.plustwo.bed
    cat hs737.tabix.bed |  awk -v s=0 '{print $1, int($2-1),int($3+1)}' | tabix /fitDNM/CADD_scores/whole_genome_SNVs.tsv.gz -R hs737.plustwo.bed  | awk 'NR%3==0' - '{print $3}'  | tr -d "
" > hs737_plus_two.fasta
    
        (one of the commands exited with non-zero exit code; note that snakemake uses bash strict mode!)

Removing output files of failed job get_sequence_plus_two since they might be corrupted:
hs737_plus_two.fasta, hs737.plustwo.bed
Shutting down, this might take some time.
Exiting because a job execution failed. Look above for error message
Complete log: /storage1/fs1/tychele/Active/projects/fitDNM/code/fitDNM_snakemake/.snakemake/log/2021-01-20T233715.872616.snakemake.log
