Building DAG of jobs...
Using shell: /bin/bash
Provided cores: 1 (use --cores to define parallelism)
Rules claiming more threads will be scaled down.
Job counts:
	count	jobs
	1	all
	2	calculate_trinucleotide_mutations
	1	clean
	1	combine_mutations
	1	delete_tabix
	2	filter_multinucleotide_variants
	2	get_cadd_scores
	2	get_region_mutation
	2	get_sequence_plus_two
	2	run_fitDNM
	2	transform_cadd_scores
	18

[Sat Jan 30 21:33:26 2021]
rule get_sequence_plus_two:
    input: compare_2.tabix.bed, /fitDNM/CADD_scores/whole_genome_SNVs.tsv.gz
    output: compare_2_plus_two_init.fasta, compare_2.plustwo.bed, compare_2_plus_two.fasta
    jobid: 10
    wildcards: genomic_region=compare_2

[Sat Jan 30 21:33:26 2021]
Finished job 10.
1 of 18 steps (6%) done

[Sat Jan 30 21:33:26 2021]
rule calculate_trinucleotide_mutations:
    input: /fitDNM/input_data/mutation_rate_by_trinucleotide_matrix.txt, compare_2_plus_two.fasta, compare_2.tabix.bed
    output: compare_2.mu.lis
    jobid: 12
    wildcards: genomic_region=compare_2

[Sat Jan 30 21:33:27 2021]
Finished job 12.
2 of 18 steps (11%) done

[Sat Jan 30 21:33:27 2021]
rule get_cadd_scores:
    input: compare_2.tabix.bed, /fitDNM/CADD_scores/whole_genome_SNVs.tsv.gz
    output: compare_2.initial.CADD.txt
    jobid: 2
    wildcards: genomic_region=compare_2

[Sat Jan 30 21:33:27 2021]
Finished job 2.
3 of 18 steps (17%) done

[Sat Jan 30 21:33:27 2021]
rule transform_cadd_scores:
    input: compare_2.initial.CADD.txt
    output: compare_2.final.CADD.txt, compare_2.fasta
    jobid: 4
    wildcards: genomic_region=compare_2

[Sat Jan 30 21:33:27 2021]
Finished job 4.
4 of 18 steps (22%) done

[Sat Jan 30 21:33:27 2021]
rule get_sequence_plus_two:
    input: compare_1.tabix.bed, /fitDNM/CADD_scores/whole_genome_SNVs.tsv.gz
    output: compare_1_plus_two_init.fasta, compare_1.plustwo.bed, compare_1_plus_two.fasta
    jobid: 9
    wildcards: genomic_region=compare_1

[Sat Jan 30 21:33:27 2021]
Finished job 9.
5 of 18 steps (28%) done

[Sat Jan 30 21:33:27 2021]
rule calculate_trinucleotide_mutations:
    input: /fitDNM/input_data/mutation_rate_by_trinucleotide_matrix.txt, compare_1_plus_two.fasta, compare_1.tabix.bed
    output: compare_1.mu.lis
    jobid: 11
    wildcards: genomic_region=compare_1

[Sat Jan 30 21:33:28 2021]
Finished job 11.
6 of 18 steps (33%) done

[Sat Jan 30 21:33:28 2021]
rule get_cadd_scores:
    input: compare_1.tabix.bed, /fitDNM/CADD_scores/whole_genome_SNVs.tsv.gz
    output: compare_1.initial.CADD.txt
    jobid: 1
    wildcards: genomic_region=compare_1

[Sat Jan 30 21:33:28 2021]
Finished job 1.
7 of 18 steps (39%) done

[Sat Jan 30 21:33:28 2021]
rule transform_cadd_scores:
    input: compare_1.initial.CADD.txt
    output: compare_1.final.CADD.txt, compare_1.fasta
    jobid: 3
    wildcards: genomic_region=compare_1

[Sat Jan 30 21:33:28 2021]
Finished job 3.
8 of 18 steps (44%) done

[Sat Jan 30 21:33:28 2021]
rule get_region_mutation:
    input: compare_2.tabix.bed, /fitDNM/input_data/variant_calls/denovo_variants_four_way_caller.txt
    output: compare_2.lis
    jobid: 6
    wildcards: genomic_region=compare_2

[Sat Jan 30 21:33:29 2021]
Finished job 6.
9 of 18 steps (50%) done

[Sat Jan 30 21:33:29 2021]
rule filter_multinucleotide_variants:
    input: compare_2.lis
    output: compare_2.snv.lis, compare_2.mnv.lis
    jobid: 8
    wildcards: genomic_region=compare_2

[Sat Jan 30 21:33:29 2021]
Finished job 8.
10 of 18 steps (56%) done

[Sat Jan 30 21:33:29 2021]
rule run_fitDNM:
    input: compare_2.snv.lis, compare_2.mu.lis, compare_2.final.CADD.txt
    output: compare_2.fitDNM_CADD.txt
    jobid: 14
    wildcards: genomic_region=compare_2

[Sat Jan 30 21:33:30 2021]
Finished job 14.
11 of 18 steps (61%) done

[Sat Jan 30 21:33:30 2021]
rule get_region_mutation:
    input: compare_1.tabix.bed, /fitDNM/input_data/variant_calls/denovo_variants_four_way_caller.txt
    output: compare_1.lis
    jobid: 5
    wildcards: genomic_region=compare_1

[Sat Jan 30 21:33:31 2021]
Finished job 5.
12 of 18 steps (67%) done

[Sat Jan 30 21:33:31 2021]
rule combine_mutations:
    input: compare_1.lis, compare_2.lis
    output: test_regions.muts.report
    jobid: 16

[Sat Jan 30 21:33:31 2021]
Finished job 16.
13 of 18 steps (72%) done

[Sat Jan 30 21:33:31 2021]
rule filter_multinucleotide_variants:
    input: compare_1.lis
    output: compare_1.snv.lis, compare_1.mnv.lis
    jobid: 7
    wildcards: genomic_region=compare_1

[Sat Jan 30 21:33:31 2021]
Finished job 7.
14 of 18 steps (78%) done

[Sat Jan 30 21:33:31 2021]
rule run_fitDNM:
    input: compare_1.snv.lis, compare_1.mu.lis, compare_1.final.CADD.txt
    output: compare_1.fitDNM_CADD.txt
    jobid: 13
    wildcards: genomic_region=compare_1

[Sat Jan 30 21:33:32 2021]
Finished job 13.
15 of 18 steps (83%) done

[Sat Jan 30 21:33:32 2021]
rule clean:
    input: compare_1.fitDNM_CADD.txt, compare_2.fitDNM_CADD.txt
    output: test_regions.fitDNM.report
    jobid: 15

[Sat Jan 30 21:33:32 2021]
Finished job 15.
16 of 18 steps (89%) done

[Sat Jan 30 21:33:32 2021]
rule delete_tabix:
    input: test_regions.muts.report, test_regions.fitDNM.report, compare_1.tabix.bed, compare_2.tabix.bed
    output: done.txt
    jobid: 17

[Sat Jan 30 21:33:32 2021]
Finished job 17.
17 of 18 steps (94%) done

[Sat Jan 30 21:33:32 2021]
localrule all:
    input: compare_1.initial.CADD.txt, compare_2.initial.CADD.txt, compare_1.final.CADD.txt, compare_2.final.CADD.txt, compare_1.lis, compare_2.lis, compare_1.snv.lis, compare_2.snv.lis, compare_1.mnv.lis, compare_2.mnv.lis, compare_1.plustwo.bed, compare_2.plustwo.bed, compare_1_plus_two.fasta, compare_2_plus_two.fasta, compare_1_plus_two_init.fasta, compare_2_plus_two_init.fasta, compare_1_plus_two.fasta, compare_2_plus_two.fasta, compare_1.fasta, compare_2.fasta, compare_1.mu.lis, compare_2.mu.lis, compare_1.fitDNM_CADD.txt, compare_2.fitDNM_CADD.txt, test_regions.fitDNM.report, test_regions.muts.report, /fitDNM/CADD_scores/whole_genome_SNVs.tsv.gz, /fitDNM/input_data/variant_calls/denovo_variants_four_way_caller.txt, /fitDNM/input_data/mutation_rate_by_trinucleotide_matrix.txt, done.txt
    jobid: 0

Removing temporary output file compare_1.initial.CADD.txt.
Removing temporary output file compare_2.initial.CADD.txt.
Removing temporary output file compare_1.fasta.
Removing temporary output file compare_1.final.CADD.txt.
Removing temporary output file compare_2.final.CADD.txt.
Removing temporary output file compare_2.fasta.
Removing temporary output file compare_1.lis.
Removing temporary output file compare_2.lis.
Removing temporary output file compare_1.snv.lis.
Removing temporary output file compare_1.mnv.lis.
Removing temporary output file compare_2.snv.lis.
Removing temporary output file compare_2.mnv.lis.
Removing temporary output file compare_1_plus_two_init.fasta.
Removing temporary output file compare_1.plustwo.bed.
Removing temporary output file compare_1_plus_two.fasta.
Removing temporary output file compare_2_plus_two_init.fasta.
Removing temporary output file compare_2.plustwo.bed.
Removing temporary output file compare_2_plus_two.fasta.
Removing temporary output file compare_1.mu.lis.
Removing temporary output file compare_2.mu.lis.
Removing temporary output file compare_1.fitDNM_CADD.txt.
Removing temporary output file compare_2.fitDNM_CADD.txt.
[Sat Jan 30 21:33:32 2021]
Finished job 0.
18 of 18 steps (100%) done
Complete log: /storage1/fs1/tychele/Active/projects/fitDNM/code/fitDNM_snakemake/.snakemake/log/2021-01-30T213326.051525.snakemake.log
