Building DAG of jobs...
Using shell: /bin/bash
Provided cores: 1 (use --cores to define parallelism)
Rules claiming more threads will be scaled down.
Job counts:
	count	jobs
	1	all
	1	calculate_trinucleotide_mutations
	1	clean
	1	combine_mutations
	1	delete_tabix
	1	filter_multinucleotide_variants
	1	get_cadd_scores
	1	get_region_mutation
	1	get_sequence_plus_two
	1	run_fitDNM
	1	transform_cadd_scores
	11

[Sun Jan 31 00:23:26 2021]
rule get_cadd_scores:
    input: null.tabix.bed, /fitDNM/CADD_scores/whole_genome_SNVs.tsv.gz
    output: null.initial.CADD.txt
    jobid: 1
    wildcards: genomic_region=null

[Sun Jan 31 00:23:27 2021]
Finished job 1.
1 of 11 steps (9%) done

[Sun Jan 31 00:23:27 2021]
rule get_sequence_plus_two:
    input: null.tabix.bed, /fitDNM/CADD_scores/whole_genome_SNVs.tsv.gz
    output: null_plus_two_init.fasta, null.plustwo.bed, null_plus_two.fasta
    jobid: 5
    wildcards: genomic_region=null

[Sun Jan 31 00:23:27 2021]
Finished job 5.
2 of 11 steps (18%) done

[Sun Jan 31 00:23:27 2021]
rule get_region_mutation:
    input: null.tabix.bed, /fitDNM/input_data/variant_calls/denovo_variants_four_way_caller.txt
    output: null.lis
    jobid: 3
    wildcards: genomic_region=null

[Sun Jan 31 00:23:28 2021]
Finished job 3.
3 of 11 steps (27%) done

[Sun Jan 31 00:23:28 2021]
rule combine_mutations:
    input: null.lis
    output: test_regions.muts.report
    jobid: 9

[Sun Jan 31 00:23:28 2021]
Finished job 9.
4 of 11 steps (36%) done

[Sun Jan 31 00:23:28 2021]
rule filter_multinucleotide_variants:
    input: null.lis
    output: null.snv.lis, null.mnv.lis
    jobid: 4
    wildcards: genomic_region=null

[Sun Jan 31 00:23:28 2021]
Finished job 4.
5 of 11 steps (45%) done

[Sun Jan 31 00:23:28 2021]
rule calculate_trinucleotide_mutations:
    input: /fitDNM/input_data/mutation_rate_by_trinucleotide_matrix.txt, null_plus_two.fasta, null.tabix.bed
    output: null.mu.lis
    jobid: 6
    wildcards: genomic_region=null

[Sun Jan 31 00:23:29 2021]
Finished job 6.
6 of 11 steps (55%) done

[Sun Jan 31 00:23:29 2021]
rule transform_cadd_scores:
    input: null.initial.CADD.txt
    output: null.final.CADD.txt, null.fasta
    jobid: 2
    wildcards: genomic_region=null

[Sun Jan 31 00:23:29 2021]
Error in rule transform_cadd_scores:
    jobid: 2
    output: null.final.CADD.txt, null.fasta

RuleException:
CalledProcessError in line 99 of /storage1/fs1/tychele/Active/projects/fitDNM/code/fitDNM_snakemake/fitDNM_genome_wide.smk:
Command 'set -euo pipefail;  Rscript --vanilla /storage1/fs1/tychele/Active/projects/fitDNM/code/fitDNM_snakemake/.snakemake/scripts/tmpv1bd40ou.transform_CADD_scores.R' returned non-zero exit status 1.
  File "/opt/conda/envs/snakemake/lib/python3.9/site-packages/snakemake/executors/__init__.py", line 2319, in run_wrapper
  File "/storage1/fs1/tychele/Active/projects/fitDNM/code/fitDNM_snakemake/fitDNM_genome_wide.smk", line 99, in __rule_transform_cadd_scores
  File "/opt/conda/envs/snakemake/lib/python3.9/site-packages/snakemake/executors/__init__.py", line 568, in _callback
  File "/opt/conda/envs/snakemake/lib/python3.9/concurrent/futures/thread.py", line 52, in run
  File "/opt/conda/envs/snakemake/lib/python3.9/site-packages/snakemake/executors/__init__.py", line 554, in cached_or_run
  File "/opt/conda/envs/snakemake/lib/python3.9/site-packages/snakemake/executors/__init__.py", line 2350, in run_wrapper
Shutting down, this might take some time.
Exiting because a job execution failed. Look above for error message
Complete log: /storage1/fs1/tychele/Active/projects/fitDNM/code/fitDNM_snakemake/.snakemake/log/2021-01-31T002325.623646.snakemake.log
